<?xml version="1.0" encoding="UTF-8"?>
<!-- Generated by org.testng.reporters.JUnitXMLReporter -->
<testsuite ignored="0" hostname="Mypc" failures="0" tests="4" name="Default test" time="190.31" errors="0" timestamp="04 Dec 2020 14:54:05 GMT">
  <testcase classname="com.guru99bank.test.LoginPageTest" name="userLogin" time="11.11"/>
  <testcase classname="com.guru99bank.test.LoginPageTest" name="userLogin" time="2.457"/>
  <testcase classname="com.guru99bank.test.LoginPageTest" name="userLogin" time="2.779"/>
  <testcase classname="com.guru99bank.test.LoginPageTest" name="userLogin" time="2.538"/>
</testsuite> <!-- Default test -->
