<?xml version="1.0" encoding="UTF-8"?>
<!-- Generated by org.testng.reporters.JUnitXMLReporter -->
<testsuite ignored="0" hostname="Mypc" failures="0" tests="4" name="Default test" time="157.956" errors="0" timestamp="29 Nov 2020 15:56:34 GMT">
  <testcase classname="com.guru99bank.test.LoginPageTest" name="userLogin" time="9.25"/>
  <testcase classname="com.guru99bank.test.LoginPageTest" name="userLogin" time="2.568"/>
  <testcase classname="com.guru99bank.test.LoginPageTest" name="userLogin" time="2.099"/>
  <testcase classname="com.guru99bank.test.LoginPageTest" name="userLogin" time="2.06"/>
</testsuite> <!-- Default test -->
