<?xml version="1.0" encoding="UTF-8"?>
<testng-results ignored="0" total="4" passed="4" failed="0" skipped="0">
  <reporter-output>
  </reporter-output>
  <suite started-at="2020-11-29T15:53:56Z" name="Default suite" finished-at="2020-11-29T15:56:34Z" duration-ms="157956">
    <groups>
    </groups>
    <test started-at="2020-11-29T15:53:56Z" name="Default test" finished-at="2020-11-29T15:56:34Z" duration-ms="157956">
      <class name="com.guru99bank.test.LoginPageTest">
        <test-method is-config="true" signature="setUp()[pri:0, instance:com.guru99bank.test.LoginPageTest@8909f18]" started-at="2020-11-29T15:53:57Z" name="setUp" finished-at="2020-11-29T15:54:41Z" duration-ms="43093" status="PASS">
          <reporter-output>
          </reporter-output>
        </test-method> <!-- setUp -->
        <test-method signature="userLogin(java.lang.String, java.lang.String)[pri:0, instance:com.guru99bank.test.LoginPageTest@8909f18]" started-at="2020-11-29T15:54:41Z" name="userLogin" data-provider="getData" finished-at="2020-11-29T15:54:50Z" duration-ms="9250" status="PASS">
          <params>
            <param index="0">
              <value>
                <![CDATA[mngr296799]]>
              </value>
            </param>
            <param index="1">
              <value>
                <![CDATA[hYrapEj]]>
              </value>
            </param>
          </params>
          <reporter-output>
          </reporter-output>
        </test-method> <!-- userLogin -->
        <test-method is-config="true" signature="tearDown()[pri:0, instance:com.guru99bank.test.LoginPageTest@8909f18]" started-at="2020-11-29T15:54:50Z" name="tearDown" finished-at="2020-11-29T15:54:53Z" duration-ms="3087" status="PASS">
          <reporter-output>
          </reporter-output>
        </test-method> <!-- tearDown -->
        <test-method is-config="true" signature="setUp()[pri:0, instance:com.guru99bank.test.LoginPageTest@8909f18]" started-at="2020-11-29T15:54:53Z" name="setUp" finished-at="2020-11-29T15:55:20Z" duration-ms="27532" status="PASS">
          <reporter-output>
          </reporter-output>
        </test-method> <!-- setUp -->
        <test-method signature="userLogin(java.lang.String, java.lang.String)[pri:0, instance:com.guru99bank.test.LoginPageTest@8909f18]" started-at="2020-11-29T15:55:20Z" name="userLogin" data-provider="getData" finished-at="2020-11-29T15:55:23Z" duration-ms="2568" status="PASS">
          <params>
            <param index="0">
              <value>
                <![CDATA[mngr290100]]>
              </value>
            </param>
            <param index="1">
              <value>
                <![CDATA[hYrapEj]]>
              </value>
            </param>
          </params>
          <reporter-output>
          </reporter-output>
        </test-method> <!-- userLogin -->
        <test-method is-config="true" signature="tearDown()[pri:0, instance:com.guru99bank.test.LoginPageTest@8909f18]" started-at="2020-11-29T15:55:23Z" name="tearDown" finished-at="2020-11-29T15:55:26Z" duration-ms="2866" status="PASS">
          <reporter-output>
          </reporter-output>
        </test-method> <!-- tearDown -->
        <test-method is-config="true" signature="setUp()[pri:0, instance:com.guru99bank.test.LoginPageTest@8909f18]" started-at="2020-11-29T15:55:26Z" name="setUp" finished-at="2020-11-29T15:55:54Z" duration-ms="28617" status="PASS">
          <reporter-output>
          </reporter-output>
        </test-method> <!-- setUp -->
        <test-method signature="userLogin(java.lang.String, java.lang.String)[pri:0, instance:com.guru99bank.test.LoginPageTest@8909f18]" started-at="2020-11-29T15:55:54Z" name="userLogin" data-provider="getData" finished-at="2020-11-29T15:55:57Z" duration-ms="2099" status="PASS">
          <params>
            <param index="0">
              <value>
                <![CDATA[mngr296799]]>
              </value>
            </param>
            <param index="1">
              <value>
                <![CDATA[12345.0]]>
              </value>
            </param>
          </params>
          <reporter-output>
          </reporter-output>
        </test-method> <!-- userLogin -->
        <test-method is-config="true" signature="tearDown()[pri:0, instance:com.guru99bank.test.LoginPageTest@8909f18]" started-at="2020-11-29T15:55:57Z" name="tearDown" finished-at="2020-11-29T15:55:59Z" duration-ms="2700" status="PASS">
          <reporter-output>
          </reporter-output>
        </test-method> <!-- tearDown -->
        <test-method is-config="true" signature="setUp()[pri:0, instance:com.guru99bank.test.LoginPageTest@8909f18]" started-at="2020-11-29T15:55:59Z" name="setUp" finished-at="2020-11-29T15:56:29Z" duration-ms="29477" status="PASS">
          <reporter-output>
          </reporter-output>
        </test-method> <!-- setUp -->
        <test-method signature="userLogin(java.lang.String, java.lang.String)[pri:0, instance:com.guru99bank.test.LoginPageTest@8909f18]" started-at="2020-11-29T15:56:29Z" name="userLogin" data-provider="getData" finished-at="2020-11-29T15:56:31Z" duration-ms="2060" status="PASS">
          <params>
            <param index="0">
              <value>
                <![CDATA[mngr290100]]>
              </value>
            </param>
            <param index="1">
              <value>
                <![CDATA[12345.0]]>
              </value>
            </param>
          </params>
          <reporter-output>
          </reporter-output>
        </test-method> <!-- userLogin -->
        <test-method is-config="true" signature="tearDown()[pri:0, instance:com.guru99bank.test.LoginPageTest@8909f18]" started-at="2020-11-29T15:56:31Z" name="tearDown" finished-at="2020-11-29T15:56:34Z" duration-ms="2697" status="PASS">
          <reporter-output>
          </reporter-output>
        </test-method> <!-- tearDown -->
      </class> <!-- com.guru99bank.test.LoginPageTest -->
    </test> <!-- Default test -->
  </suite> <!-- Default suite -->
</testng-results>
