<?xml version="1.0" encoding="UTF-8"?>
<testng-results ignored="0" total="4" passed="4" failed="0" skipped="0">
  <reporter-output>
  </reporter-output>
  <suite started-at="2020-12-04T14:50:54Z" name="Default suite" finished-at="2020-12-04T14:54:05Z" duration-ms="190310">
    <groups>
    </groups>
    <test started-at="2020-12-04T14:50:54Z" name="Default test" finished-at="2020-12-04T14:54:05Z" duration-ms="190310">
      <class name="com.guru99bank.test.LoginPageTest">
        <test-method is-config="true" signature="setUp()[pri:0, instance:com.guru99bank.test.LoginPageTest@1460a8c0]" started-at="2020-12-04T14:50:56Z" name="setUp" finished-at="2020-12-04T14:52:01Z" duration-ms="64805" status="PASS">
          <reporter-output>
          </reporter-output>
        </test-method> <!-- setUp -->
        <test-method signature="userLogin(java.lang.String, java.lang.String)[pri:0, instance:com.guru99bank.test.LoginPageTest@1460a8c0]" started-at="2020-12-04T14:52:01Z" name="userLogin" data-provider="getData" finished-at="2020-12-04T14:52:12Z" duration-ms="11110" status="PASS">
          <params>
            <param index="0">
              <value>
                <![CDATA[mngr296799]]>
              </value>
            </param>
            <param index="1">
              <value>
                <![CDATA[hYrapEj]]>
              </value>
            </param>
          </params>
          <reporter-output>
          </reporter-output>
        </test-method> <!-- userLogin -->
        <test-method is-config="true" signature="tearDown()[pri:0, instance:com.guru99bank.test.LoginPageTest@1460a8c0]" started-at="2020-12-04T14:52:12Z" name="tearDown" finished-at="2020-12-04T14:52:15Z" duration-ms="2626" status="PASS">
          <reporter-output>
          </reporter-output>
        </test-method> <!-- tearDown -->
        <test-method is-config="true" signature="setUp()[pri:0, instance:com.guru99bank.test.LoginPageTest@1460a8c0]" started-at="2020-12-04T14:52:15Z" name="setUp" finished-at="2020-12-04T14:52:49Z" duration-ms="34227" status="PASS">
          <reporter-output>
          </reporter-output>
        </test-method> <!-- setUp -->
        <test-method signature="userLogin(java.lang.String, java.lang.String)[pri:0, instance:com.guru99bank.test.LoginPageTest@1460a8c0]" started-at="2020-12-04T14:52:49Z" name="userLogin" data-provider="getData" finished-at="2020-12-04T14:52:51Z" duration-ms="2457" status="PASS">
          <params>
            <param index="0">
              <value>
                <![CDATA[mngr290100]]>
              </value>
            </param>
            <param index="1">
              <value>
                <![CDATA[hYrapEj]]>
              </value>
            </param>
          </params>
          <reporter-output>
          </reporter-output>
        </test-method> <!-- userLogin -->
        <test-method is-config="true" signature="tearDown()[pri:0, instance:com.guru99bank.test.LoginPageTest@1460a8c0]" started-at="2020-12-04T14:52:51Z" name="tearDown" finished-at="2020-12-04T14:52:55Z" duration-ms="3167" status="PASS">
          <reporter-output>
          </reporter-output>
        </test-method> <!-- tearDown -->
        <test-method is-config="true" signature="setUp()[pri:0, instance:com.guru99bank.test.LoginPageTest@1460a8c0]" started-at="2020-12-04T14:52:55Z" name="setUp" finished-at="2020-12-04T14:53:23Z" duration-ms="27900" status="PASS">
          <reporter-output>
          </reporter-output>
        </test-method> <!-- setUp -->
        <test-method signature="userLogin(java.lang.String, java.lang.String)[pri:0, instance:com.guru99bank.test.LoginPageTest@1460a8c0]" started-at="2020-12-04T14:53:23Z" name="userLogin" data-provider="getData" finished-at="2020-12-04T14:53:25Z" duration-ms="2779" status="PASS">
          <params>
            <param index="0">
              <value>
                <![CDATA[mngr296799]]>
              </value>
            </param>
            <param index="1">
              <value>
                <![CDATA[12345.0]]>
              </value>
            </param>
          </params>
          <reporter-output>
          </reporter-output>
        </test-method> <!-- userLogin -->
        <test-method is-config="true" signature="tearDown()[pri:0, instance:com.guru99bank.test.LoginPageTest@1460a8c0]" started-at="2020-12-04T14:53:25Z" name="tearDown" finished-at="2020-12-04T14:53:29Z" duration-ms="3936" status="PASS">
          <reporter-output>
          </reporter-output>
        </test-method> <!-- tearDown -->
        <test-method is-config="true" signature="setUp()[pri:0, instance:com.guru99bank.test.LoginPageTest@1460a8c0]" started-at="2020-12-04T14:53:29Z" name="setUp" finished-at="2020-12-04T14:54:00Z" duration-ms="30234" status="PASS">
          <reporter-output>
          </reporter-output>
        </test-method> <!-- setUp -->
        <test-method signature="userLogin(java.lang.String, java.lang.String)[pri:0, instance:com.guru99bank.test.LoginPageTest@1460a8c0]" started-at="2020-12-04T14:54:00Z" name="userLogin" data-provider="getData" finished-at="2020-12-04T14:54:02Z" duration-ms="2538" status="PASS">
          <params>
            <param index="0">
              <value>
                <![CDATA[mngr290100]]>
              </value>
            </param>
            <param index="1">
              <value>
                <![CDATA[12345.0]]>
              </value>
            </param>
          </params>
          <reporter-output>
          </reporter-output>
        </test-method> <!-- userLogin -->
        <test-method is-config="true" signature="tearDown()[pri:0, instance:com.guru99bank.test.LoginPageTest@1460a8c0]" started-at="2020-12-04T14:54:02Z" name="tearDown" finished-at="2020-12-04T14:54:05Z" duration-ms="2580" status="PASS">
          <reporter-output>
          </reporter-output>
        </test-method> <!-- tearDown -->
      </class> <!-- com.guru99bank.test.LoginPageTest -->
    </test> <!-- Default test -->
  </suite> <!-- Default suite -->
</testng-results>
